09:48:35.556 [main] DEBUG c.i.regie.workflow.demo.RegieTest - --------------获取流程定义列表 
09:48:36.143 [main] DEBUG c.i.regie.workflow.demo.RegieTest - 	######### Available ProcessDefinition:[ProcessDefinition{id='com.icss.regie.workflow.demo.first', name='first', version='1.0', containerId='demo_1.0.0', dynamic='false'}] 
09:48:36.144 [main] DEBUG c.i.regie.workflow.demo.RegieTest - 	######### Available ProcessDefinition:ProcessDefinition{id='com.icss.regie.workflow.demo.first', name='first', version='1.0', containerId='demo_1.0.0', dynamic='false'} 
09:49:15.242 [main] DEBUG c.i.regie.workflow.demo.RegieTest - --------------获取流程实例列表 
09:49:15.779 [main] DEBUG c.i.regie.workflow.demo.RegieTest - 	######### Available ProcessInstance:[] 
09:49:35.086 [main] DEBUG c.i.regie.workflow.demo.RegieTest - --------------开启一个流程实例 
09:49:35.957 [main] DEBUG c.i.regie.workflow.demo.RegieTest - 开启一个流程实例：流程实例ID:1 
09:49:36.010 [main] DEBUG c.i.regie.workflow.demo.RegieTest - 	######### Instance State: 1 
09:49:36.010 [main] DEBUG c.i.regie.workflow.demo.RegieTest - 	######### Instance taskSummary: TaskSummary{id=1, name='??????', description='', status='Reserved', actualOwner='hanl', createdBy='hanl', createdOn=Wed May 02 09:49:35 CST 2018, processInstanceId=1, processId='com.icss.regie.workflow.demo.first', containerId='demo_1.0.0'} 
09:50:06.705 [main] DEBUG c.i.regie.workflow.demo.RegieTest - --------------获取流程实例列表 
09:50:07.218 [main] DEBUG c.i.regie.workflow.demo.RegieTest - 	######### Available ProcessInstance:[ProcessInstance{id=1, processId='com.icss.regie.workflow.demo.first', processName='first', state=1, containerId='demo_1.0.0', correlationKey='bvID123512352121:bvID232124124321:bvID111111111210'}] 
09:50:07.219 [main] DEBUG c.i.regie.workflow.demo.RegieTest - 	######### Available ProcessInstance:ProcessInstance{id=1, processId='com.icss.regie.workflow.demo.first', processName='first', state=1, containerId='demo_1.0.0', correlationKey='bvID123512352121:bvID232124124321:bvID111111111210'} 
09:50:38.240 [main] DEBUG c.i.regie.workflow.demo.RegieTest - --------------直属领导审批 
09:50:38.745 [main] DEBUG c.i.regie.workflow.demo.RegieTest - 	######### Instance taskSummary for me: TaskSummary{id=1, name='??????', description='', status='Reserved', actualOwner='hanl', createdBy='hanl', createdOn=Wed May 02 09:49:35 CST 2018, processInstanceId=1, processId='com.icss.regie.workflow.demo.first', containerId='demo_1.0.0'} 
09:50:38.916 [main] DEBUG c.i.regie.workflow.demo.RegieTest - 	######### Instance taskSummary Executeed:  
09:53:38.093 [main] DEBUG c.i.regie.workflow.demo.RegieTest - --------------停用流程容器 
09:53:38.763 [main] DEBUG c.i.regie.workflow.demo.RegieTest - --------------部署流程容器 
09:53:38.806 [main] DEBUG c.i.regie.workflow.demo.RegieTest - 	######### Found container demo_1.0.0 
09:53:38.806 [main] DEBUG c.i.regie.workflow.demo.RegieTest - 	######### Found container demo_1.0.0 skipping deployment... 
09:53:38.806 [main] DEBUG c.i.regie.workflow.demo.RegieTest - --------------获取流程实例列表 
09:53:38.857 [main] DEBUG c.i.regie.workflow.demo.RegieTest - 	######### Available ProcessInstance:[ProcessInstance{id=1, processId='com.icss.regie.workflow.demo.first', processName='first', state=1, containerId='demo_1.0.0', correlationKey='bvID123512352121:bvID232124124321:bvID111111111210'}] 
09:53:38.858 [main] DEBUG c.i.regie.workflow.demo.RegieTest - 	######### Available ProcessInstance:ProcessInstance{id=1, processId='com.icss.regie.workflow.demo.first', processName='first', state=1, containerId='demo_1.0.0', correlationKey='bvID123512352121:bvID232124124321:bvID111111111210'} 
09:53:38.858 [main] DEBUG c.i.regie.workflow.demo.RegieTest - --------------获取流程实例列表 
09:53:38.884 [main] DEBUG c.i.regie.workflow.demo.RegieTest - 	######### Available ProcessInstance:[ProcessInstance{id=1, processId='com.icss.regie.workflow.demo.first', processName='first', state=1, containerId='demo_1.0.0', correlationKey='bvID123512352121:bvID232124124321:bvID111111111210'}] 
09:53:38.984 [main] DEBUG c.i.regie.workflow.demo.RegieTest - 	######### Available ProcessInstance:ProcessInstance{id=1, processId='com.icss.regie.workflow.demo.first', processName='first', state=1, containerId='demo_1.0.0', correlationKey='bvID123512352121:bvID232124124321:bvID111111111210'} 
09:53:38.985 [main] DEBUG c.i.regie.workflow.demo.RegieTest - --------------直属领导审批 
09:53:39.008 [main] DEBUG c.i.regie.workflow.demo.RegieTest - 	######### Instance taskSummary for me: TaskSummary{id=1, name='??????', description='', status='Completed', actualOwner='hanl', createdBy='hanl', createdOn=Wed May 02 09:49:35 CST 2018, processInstanceId=1, processId='com.icss.regie.workflow.demo.first', containerId='demo_1.0.0'} 
09:53:39.027 [main] DEBUG c.i.regie.workflow.demo.RegieTest - --------------获取流程服务器信息 
09:53:39.042 [main] DEBUG c.i.regie.workflow.demo.RegieTest - ServiceResponse[SUCCESS, msg='Kie Server info', result='KieServerInfo{serverId='default-kieserver', version='7.7.0.Final', location='http://localhost:8080/kie-server/services/rest/server', capabilities=[KieServer, BRM, BPM, CaseMgmt, BPM-UI, BRP, DMN, Swagger]}'] 
09:53:39.042 [main] DEBUG c.i.regie.workflow.demo.RegieTest - --------------开启一个流程实例 
09:53:39.118 [main] DEBUG c.i.regie.workflow.demo.RegieTest - 开启一个流程实例：流程实例ID:2 
09:53:39.139 [main] DEBUG c.i.regie.workflow.demo.RegieTest - 	######### Instance State: 1 
09:53:39.140 [main] DEBUG c.i.regie.workflow.demo.RegieTest - 	######### Instance taskSummary: TaskSummary{id=3, name='??????', description='', status='Reserved', actualOwner='hanl', createdBy='hanl', createdOn=Wed May 02 09:53:39 CST 2018, processInstanceId=2, processId='com.icss.regie.workflow.demo.first', containerId='demo_1.0.0'} 
09:53:39.140 [main] DEBUG c.i.regie.workflow.demo.RegieTest - --------------更新流程容器 
09:53:39.164 [main] DEBUG c.i.regie.workflow.demo.RegieTest - 	######### Found container demo_1.0.0 
09:53:39.164 [main] DEBUG c.i.regie.workflow.demo.RegieTest - 	######### Found container demo_1.0.0 skipping deployment... 
09:53:39.165 [main] DEBUG c.i.regie.workflow.demo.RegieTest - --------------管理领导审批 
09:53:39.196 [main] DEBUG c.i.regie.workflow.demo.RegieTest - --------------获取流程定义列表 
09:53:39.217 [main] DEBUG c.i.regie.workflow.demo.RegieTest - 	######### Available ProcessDefinition:[ProcessDefinition{id='com.icss.regie.workflow.demo.first', name='first', version='1.0', containerId='demo_1.0.0', dynamic='false'}] 
09:53:39.217 [main] DEBUG c.i.regie.workflow.demo.RegieTest - 	######### Available ProcessDefinition:ProcessDefinition{id='com.icss.regie.workflow.demo.first', name='first', version='1.0', containerId='demo_1.0.0', dynamic='false'} 
09:57:53.721 [main] DEBUG c.i.regie.workflow.demo.RegieTest - --------------获取流程定义列表 
09:57:54.201 [main] DEBUG c.i.regie.workflow.demo.RegieTest - 	######### Available ProcessDefinition:[ProcessDefinition{id='com.icss.regie.workflow.demo.first', name='first', version='1.0', containerId='demo_1.0.0', dynamic='false'}, ProcessDefinition{id='com.icss.regie.workflow.demo.first', name='first', version='1.0', containerId='demo_1.0.1', dynamic='false'}] 
09:57:54.202 [main] DEBUG c.i.regie.workflow.demo.RegieTest - 	######### Available ProcessDefinition:ProcessDefinition{id='com.icss.regie.workflow.demo.first', name='first', version='1.0', containerId='demo_1.0.0', dynamic='false'} 
09:57:54.202 [main] DEBUG c.i.regie.workflow.demo.RegieTest - 	######### Available ProcessDefinition:ProcessDefinition{id='com.icss.regie.workflow.demo.first', name='first', version='1.0', containerId='demo_1.0.1', dynamic='false'} 
09:58:53.769 [main] DEBUG c.i.regie.workflow.demo.RegieTest - --------------开启一个流程实例 
09:59:47.252 [main] DEBUG c.i.regie.workflow.demo.RegieTest - --------------开启一个流程实例 
09:59:47.860 [main] DEBUG c.i.regie.workflow.demo.RegieTest - 开启一个流程实例：流程实例ID:4 
09:59:47.882 [main] DEBUG c.i.regie.workflow.demo.RegieTest - 	######### Instance State: 1 
09:59:47.882 [main] DEBUG c.i.regie.workflow.demo.RegieTest - 	######### Instance taskSummary: TaskSummary{id=4, name='tl', description='', status='Reserved', actualOwner='hanl', createdBy='hanl', createdOn=Wed May 02 09:59:47 CST 2018, processInstanceId=4, processId='com.icss.regie.workflow.demo.first', containerId='demo_1.0.1'} 
10:00:49.355 [main] DEBUG c.i.regie.workflow.demo.RegieTest - --------------获取流程实例列表 
10:00:49.856 [main] DEBUG c.i.regie.workflow.demo.RegieTest - 	######### Available ProcessInstance:[ProcessInstance{id=2, processId='com.icss.regie.workflow.demo.first', processName='first', state=1, containerId='demo_1.0.0', correlationKey='bvID123512352121:bvID232124124321:bvID111111111210'}, ProcessInstance{id=4, processId='com.icss.regie.workflow.demo.first', processName='first', state=1, containerId='demo_1.0.1', correlationKey='1:2:3'}] 
10:00:49.856 [main] DEBUG c.i.regie.workflow.demo.RegieTest - 	######### Available ProcessInstance:ProcessInstance{id=2, processId='com.icss.regie.workflow.demo.first', processName='first', state=1, containerId='demo_1.0.0', correlationKey='bvID123512352121:bvID232124124321:bvID111111111210'} 
10:00:49.857 [main] DEBUG c.i.regie.workflow.demo.RegieTest - 	######### Available ProcessInstance:ProcessInstance{id=4, processId='com.icss.regie.workflow.demo.first', processName='first', state=1, containerId='demo_1.0.1', correlationKey='1:2:3'} 
10:01:52.603 [main] DEBUG c.i.regie.workflow.demo.RegieTest - --------------管理领导审批 
10:05:15.297 [main] DEBUG c.i.regie.workflow.demo.RegieTest - --------------直属领导审批 
10:05:15.785 [main] DEBUG c.i.regie.workflow.demo.RegieTest - 	######### Instance taskSummary for me: TaskSummary{id=4, name='tl', description='', status='Reserved', actualOwner='hanl', createdBy='hanl', createdOn=Wed May 02 09:59:47 CST 2018, processInstanceId=4, processId='com.icss.regie.workflow.demo.first', containerId='demo_1.0.1'} 
10:05:15.868 [main] DEBUG c.i.regie.workflow.demo.RegieTest - 	######### Instance taskSummary Executeed:  
10:05:15.869 [main] DEBUG c.i.regie.workflow.demo.RegieTest - 	######### Instance taskSummary for me: TaskSummary{id=3, name='??????', description='', status='Reserved', actualOwner='hanl', createdBy='hanl', createdOn=Wed May 02 09:53:39 CST 2018, processInstanceId=2, processId='com.icss.regie.workflow.demo.first', containerId='demo_1.0.0'} 
10:14:20.160 [main] DEBUG c.i.regie.workflow.demo.RegieTest - --------------管理领导审批 
10:14:20.684 [main] DEBUG c.i.regie.workflow.demo.RegieTest - 	######### Instance taskSummary for me: TaskSummary{id=5, name='pm', description='', status='Reserved', actualOwner='zhufk', createdBy='zhufk', createdOn=Wed May 02 10:05:15 CST 2018, processInstanceId=4, processId='com.icss.regie.workflow.demo.first', containerId='demo_1.0.1'} 
10:14:20.782 [main] DEBUG c.i.regie.workflow.demo.RegieTest - 	######### Instance taskSummary Executeed:  
11:25:17.767 [main] DEBUG c.i.regie.workflow.demo.RegieTest - --------------获取流程定义列表 
11:25:18.267 [main] DEBUG c.i.regie.workflow.demo.RegieTest - 	######### Available ProcessDefinition:[ProcessDefinition{id='com.icss.regie.workflow.demo.first', name='first', version='1.0', containerId='demo_1.0.0', dynamic='false'}, ProcessDefinition{id='com.icss.regie.workflow.demo.first', name='first', version='1.0', containerId='demo_1.0.1', dynamic='false'}] 
11:25:18.267 [main] DEBUG c.i.regie.workflow.demo.RegieTest - 	######### Available ProcessDefinition:ProcessDefinition{id='com.icss.regie.workflow.demo.first', name='first', version='1.0', containerId='demo_1.0.0', dynamic='false'} 
11:25:18.267 [main] DEBUG c.i.regie.workflow.demo.RegieTest - 	######### Available ProcessDefinition:ProcessDefinition{id='com.icss.regie.workflow.demo.first', name='first', version='1.0', containerId='demo_1.0.1', dynamic='false'} 
11:26:15.154 [main] DEBUG c.i.regie.workflow.demo.RegieTest - --------------获取流程实例列表 
11:26:15.652 [main] DEBUG c.i.regie.workflow.demo.RegieTest - 	######### Available ProcessInstance:[ProcessInstance{id=2, processId='com.icss.regie.workflow.demo.first', processName='first', state=1, containerId='demo_1.0.0', correlationKey='bvID123512352121:bvID232124124321:bvID111111111210'}] 
11:26:15.652 [main] DEBUG c.i.regie.workflow.demo.RegieTest - 	######### Available ProcessInstance:ProcessInstance{id=2, processId='com.icss.regie.workflow.demo.first', processName='first', state=1, containerId='demo_1.0.0', correlationKey='bvID123512352121:bvID232124124321:bvID111111111210'} 
